<?xml version="1.0" encoding="UTF-8"?>
<!-- Generated by org.testng.reporters.JUnitReportReporter -->
<testsuite skipped="0" hostname="Kaydins-MacBook-Pro.local" name="SeleniumTest.Automation.test2" tests="1" failures="0" timestamp="15 Apr 2019 14:19:05 GMT" time="14.231" errors="0">
  <testcase name="fue" time="14.231" classname="SeleniumTest.Automation.test2"/>
</testsuite> <!-- SeleniumTest.Automation.test2 -->
