<?xml version="1.0" encoding="UTF-8"?>
<!-- Generated by org.testng.reporters.JUnitReportReporter -->
<testsuite skipped="0" hostname="Dealtaps-MBP-3.localdomain" name="SeleniumTest.Automation.AppTest" tests="1" failures="0" timestamp="12 Apr 2019 12:52:08 GMT" time="0.034" errors="0">
  <testcase name="testApp" time="0.034" classname="SeleniumTest.Automation.AppTest"/>
</testsuite> <!-- SeleniumTest.Automation.AppTest -->
